<?xml version="1.0" encoding="UTF-8"?>
<testsuite name="br.com.crmcustomer.core.domain.vo.AddressTest" tests="1" skipped="0" failures="0" errors="0" timestamp="2022-05-25T23:32:24" hostname="DESKTOP-CP3023C" time="0.001">
  <properties/>
  <testcase name="addressIsValid()" classname="br.com.crmcustomer.core.domain.vo.AddressTest" time="0.001"/>
  <system-out><![CDATA[]]></system-out>
  <system-err><![CDATA[]]></system-err>
</testsuite>
