<?xml version="1.0" encoding="UTF-8"?>
<testsuite name="br.com.crmcustomer.core.domain.vo.ContactTest" tests="4" skipped="0" failures="0" errors="0" timestamp="2022-05-20T16:48:07" hostname="DESKTOP-CP3023C" time="0.003">
  <properties/>
  <testcase name="contactEmailIsValid()" classname="br.com.crmcustomer.core.domain.vo.ContactTest" time="0.001"/>
  <testcase name="shouldThrowWhenEmailHasNotASymbol()" classname="br.com.crmcustomer.core.domain.vo.ContactTest" time="0.001"/>
  <testcase name="shouldThrowWhenEmailIsTooShort()" classname="br.com.crmcustomer.core.domain.vo.ContactTest" time="0.001"/>
  <testcase name="contactPhoneIsValid()" classname="br.com.crmcustomer.core.domain.vo.ContactTest" time="0.0"/>
  <system-out><![CDATA[]]></system-out>
  <system-err><![CDATA[]]></system-err>
</testsuite>
