<?xml version="1.0" encoding="UTF-8"?>
<testsuite name="br.com.crmcustomer.core.domain.vo.PersonNameTest" tests="4" skipped="0" failures="0" errors="0" timestamp="2022-05-25T23:32:24" hostname="DESKTOP-CP3023C" time="0.007">
  <properties/>
  <testcase name="nameIsValid()" classname="br.com.crmcustomer.core.domain.vo.PersonNameTest" time="0.001"/>
  <testcase name="shouldThrowWhenNameIsBlank()" classname="br.com.crmcustomer.core.domain.vo.PersonNameTest" time="0.001"/>
  <testcase name="shouldThrowWhenFirtsOrLastNameIsNotProvided()" classname="br.com.crmcustomer.core.domain.vo.PersonNameTest" time="0.002"/>
  <testcase name="shouldThrowWhenNameIsTooShort()" classname="br.com.crmcustomer.core.domain.vo.PersonNameTest" time="0.001"/>
  <system-out><![CDATA[]]></system-out>
  <system-err><![CDATA[]]></system-err>
</testsuite>
