<?xml version="1.0" encoding="UTF-8"?>
<testsuite name="br.com.crmcustomer.core.domain.CustomerTest" tests="1" skipped="0" failures="0" errors="0" timestamp="2022-05-20T14:28:48" hostname="DESKTOP-CP3023C" time="0.013">
  <properties/>
  <testcase name="ShouldInstanceANewCustomer()" classname="br.com.crmcustomer.core.domain.CustomerTest" time="0.013"/>
  <system-out><![CDATA[]]></system-out>
  <system-err><![CDATA[]]></system-err>
</testsuite>
