<?xml version="1.0" encoding="UTF-8"?>
<testsuite name="br.com.crmcustomer.core.domain.vo.DocumentTest" tests="2" skipped="0" failures="0" errors="0" timestamp="2022-05-25T23:32:24" hostname="DESKTOP-CP3023C" time="0.003">
  <properties/>
  <testcase name="cpfIsValid()" classname="br.com.crmcustomer.core.domain.vo.DocumentTest" time="0.001"/>
  <testcase name="rgIsValid()" classname="br.com.crmcustomer.core.domain.vo.DocumentTest" time="0.001"/>
  <system-out><![CDATA[]]></system-out>
  <system-err><![CDATA[]]></system-err>
</testsuite>
